----------

Fri Jul 24 2020 23:32:49 GMT-0700 (Pacific Daylight Time)

fatal: not a git repository (or any of the parent directories): .git


----------

Fri Jul 24 2020 23:32:49 GMT-0700 (Pacific Daylight Time)

fatal: not a git repository (or any of the parent directories): .git


----------

Fri Jul 24 2020 23:32:49 GMT-0700 (Pacific Daylight Time)

fatal: not a git repository (or any of the parent directories): .git


----------

Fri Jul 24 2020 23:33:58 GMT-0700 (Pacific Daylight Time)

fatal: could not read Username for 'https://github.com': Device not configured


----------

Fri Jul 24 2020 23:35:10 GMT-0700 (Pacific Daylight Time)

To github.com:ryangurn/fakebank-ui.git
 * [new branch]      master -> master


----------

Mon Jul 27 2020 19:49:22 GMT-0700 (Pacific Daylight Time)

To github.com:ryangurn/fakebank-ui.git
   dc814ae..f5d7fac  master -> master


----------

Mon Jul 27 2020 19:58:15 GMT-0700 (Pacific Daylight Time)

To github.com:ryangurn/fakebank-ui.git
   f5d7fac..e6c0810  master -> master


----------

Mon Jul 27 2020 21:37:06 GMT-0700 (Pacific Daylight Time)

To github.com:ryangurn/fakebank-ui.git
   e6c0810..6b5f002  master -> master


